<?xml version="1.0" encoding="UTF-8"?>
<!-- Generated by org.testng.reporters.JUnitReportReporter -->
<testsuite hostname="LAPTOP-UFIG77A7" name="IBM_Haldia.Rest_Assured.RestAssured" tests="1" failures="0" timestamp="17 Mar 2022 10:06:00 GMT" time="0.585" errors="0">
  <testcase name="testcase1" time="0.585" classname="IBM_Haldia.Rest_Assured.RestAssured"/>
</testsuite> <!-- IBM_Haldia.Rest_Assured.RestAssured -->
