<?xml version="1.0" encoding="UTF-8"?>
<!-- Generated by org.testng.reporters.JUnitReportReporter -->
<testsuite hostname="LAPTOP-UFIG77A7" name="IBM_Haldia.Rest_Assured.localhostApi" tests="4" failures="0" timestamp="21 Mar 2022 09:32:19 GMT" time="14.296" errors="0">
  <testcase name="modifyingUser" time="4.090" classname="IBM_Haldia.Rest_Assured.localhostApi"/>
  <testcase name="getafteredit" time="4.067" classname="IBM_Haldia.Rest_Assured.localhostApi"/>
  <testcase name="creatingUser" time="6.138" classname="IBM_Haldia.Rest_Assured.localhostApi"/>
  <testcase name="delete" time="0.001" classname="IBM_Haldia.Rest_Assured.localhostApi"/>
</testsuite> <!-- IBM_Haldia.Rest_Assured.localhostApi -->
